<?xml version="1.0" encoding="UTF-8"?>
<testsuite xmlns:xsi="http://www.w3.org/2001/XMLSchema-instance" xsi:noNamespaceSchemaLocation="https://maven.apache.org/surefire/maven-surefire-plugin/xsd/surefire-test-report.xsd" name="TestSuite" time="20.333" tests="1" errors="0" skipped="0" failures="0">
  <properties>
    <property name="java.specification.version" value="14"/>
    <property name="sun.cpu.isalist" value="amd64"/>
    <property name="sun.jnu.encoding" value="Cp1252"/>
    <property name="java.class.path" value="C:\Users\Agilitest\Documents\GitHub\ic_agilitest\target\test-classes;C:\Users\Agilitest\Documents\GitHub\ic_agilitest\target\classes;C:\Users\Agilitest\.m2\repository\com\actiontestscript\ats-automated-testing\1.7.6\ats-automated-testing-1.7.6.jar;C:\Users\Agilitest\.m2\repository\org\testng\testng\7.1.0\testng-7.1.0.jar;C:\Users\Agilitest\.m2\repository\com\beust\jcommander\1.72\jcommander-1.72.jar;C:\Users\Agilitest\.m2\repository\com\google\inject\guice\4.1.0\guice-4.1.0-no_aop.jar;C:\Users\Agilitest\.m2\repository\javax\inject\javax.inject\1\javax.inject-1.jar;C:\Users\Agilitest\.m2\repository\aopalliance\aopalliance\1.0\aopalliance-1.0.jar;C:\Users\Agilitest\.m2\repository\org\yaml\snakeyaml\1.21\snakeyaml-1.21.jar;C:\Users\Agilitest\.m2\repository\org\seleniumhq\selenium\selenium-api\3.141.59\selenium-api-3.141.59.jar;C:\Users\Agilitest\.m2\repository\org\seleniumhq\selenium\selenium-remote-driver\3.141.59\selenium-remote-driver-3.141.59.jar;C:\Users\Agilitest\.m2\repository\net\bytebuddy\byte-buddy\1.8.15\byte-buddy-1.8.15.jar;C:\Users\Agilitest\.m2\repository\org\apache\commons\commons-exec\1.3\commons-exec-1.3.jar;C:\Users\Agilitest\.m2\repository\com\google\guava\guava\25.0-jre\guava-25.0-jre.jar;C:\Users\Agilitest\.m2\repository\com\google\code\findbugs\jsr305\1.3.9\jsr305-1.3.9.jar;C:\Users\Agilitest\.m2\repository\org\checkerframework\checker-compat-qual\2.0.0\checker-compat-qual-2.0.0.jar;C:\Users\Agilitest\.m2\repository\com\google\errorprone\error_prone_annotations\2.1.3\error_prone_annotations-2.1.3.jar;C:\Users\Agilitest\.m2\repository\com\google\j2objc\j2objc-annotations\1.1\j2objc-annotations-1.1.jar;C:\Users\Agilitest\.m2\repository\org\codehaus\mojo\animal-sniffer-annotations\1.14\animal-sniffer-annotations-1.14.jar;C:\Users\Agilitest\.m2\repository\com\squareup\okhttp3\okhttp\3.11.0\okhttp-3.11.0.jar;C:\Users\Agilitest\.m2\repository\com\squareup\okio\okio\1.14.0\okio-1.14.0.jar;C:\Users\Agilitest\.m2\repository\org\seleniumhq\selenium\selenium-server\3.141.59\selenium-server-3.141.59.jar;C:\Users\Agilitest\.m2\repository\org\seleniumhq\selenium\selenium-java\3.141.59\selenium-java-3.141.59.jar;C:\Users\Agilitest\.m2\repository\org\seleniumhq\selenium\selenium-chrome-driver\3.141.59\selenium-chrome-driver-3.141.59.jar;C:\Users\Agilitest\.m2\repository\org\seleniumhq\selenium\selenium-edge-driver\3.141.59\selenium-edge-driver-3.141.59.jar;C:\Users\Agilitest\.m2\repository\org\seleniumhq\selenium\selenium-firefox-driver\3.141.59\selenium-firefox-driver-3.141.59.jar;C:\Users\Agilitest\.m2\repository\org\seleniumhq\selenium\selenium-ie-driver\3.141.59\selenium-ie-driver-3.141.59.jar;C:\Users\Agilitest\.m2\repository\org\seleniumhq\selenium\selenium-opera-driver\3.141.59\selenium-opera-driver-3.141.59.jar;C:\Users\Agilitest\.m2\repository\org\seleniumhq\selenium\selenium-safari-driver\3.141.59\selenium-safari-driver-3.141.59.jar;C:\Users\Agilitest\.m2\repository\org\seleniumhq\selenium\selenium-support\3.141.59\selenium-support-3.141.59.jar;C:\Users\Agilitest\.m2\repository\net\jcip\jcip-annotations\1.0\jcip-annotations-1.0.jar;C:\Users\Agilitest\.m2\repository\org\seleniumhq\selenium\jetty-repacked\9.4.12.v20180830\jetty-repacked-9.4.12.v20180830.jar;C:\Users\Agilitest\.m2\repository\javax\servlet\javax.servlet-api\3.1.0\javax.servlet-api-3.1.0.jar;C:\Users\Agilitest\.m2\repository\org\apache\ant\ant\1.10.7\ant-1.10.7.jar;C:\Users\Agilitest\.m2\repository\org\apache\ant\ant-launcher\1.10.7\ant-launcher-1.10.7.jar;C:\Users\Agilitest\.m2\repository\com\exadel\flamingo\flex\amf-serializer\2.2.0\amf-serializer-2.2.0.jar;C:\Users\Agilitest\.m2\repository\org\slf4j\slf4j-api\1.7.30\slf4j-api-1.7.30.jar;C:\Users\Agilitest\.m2\repository\org\slf4j\slf4j-simple\1.7.30\slf4j-simple-1.7.30.jar;C:\Users\Agilitest\.m2\repository\org\mariuszgromada\math\MathParser.org-mXparser\4.4.2\MathParser.org-mXparser-4.4.2.jar;C:\Users\Agilitest\.m2\repository\commons-cli\commons-cli\1.4\commons-cli-1.4.jar;C:\Users\Agilitest\.m2\repository\com\google\code\gson\gson\2.8.6\gson-2.8.6.jar;C:\Users\Agilitest\.m2\repository\com\opencsv\opencsv\5.1\opencsv-5.1.jar;C:\Users\Agilitest\.m2\repository\org\apache\commons\commons-lang3\3.9\commons-lang3-3.9.jar;C:\Users\Agilitest\.m2\repository\org\apache\commons\commons-text\1.8\commons-text-1.8.jar;C:\Users\Agilitest\.m2\repository\commons-beanutils\commons-beanutils\1.9.4\commons-beanutils-1.9.4.jar;C:\Users\Agilitest\.m2\repository\commons-logging\commons-logging\1.2\commons-logging-1.2.jar;C:\Users\Agilitest\.m2\repository\commons-collections\commons-collections\3.2.2\commons-collections-3.2.2.jar;C:\Users\Agilitest\.m2\repository\org\apache\commons\commons-collections4\4.4\commons-collections4-4.4.jar;C:\Users\Agilitest\.m2\repository\com\github\labri-progress\naturalness-java\1.1\naturalness-java-1.1.jar;C:\Users\Agilitest\.m2\repository\org\bouncycastle\bcpkix-jdk15on\1.65\bcpkix-jdk15on-1.65.jar;C:\Users\Agilitest\.m2\repository\org\bouncycastle\bcprov-jdk15on\1.65\bcprov-jdk15on-1.65.jar;C:\Users\Agilitest\.m2\repository\io\netty\netty-all\4.1.49.Final\netty-all-4.1.49.Final.jar;C:\Users\Agilitest\.m2\repository\com\browserup\browserup-proxy-core\2.1.0\browserup-proxy-core-2.1.0.jar;C:\Users\Agilitest\.m2\repository\io\netty\netty-codec\4.1.44.Final\netty-codec-4.1.44.Final.jar;C:\Users\Agilitest\.m2\repository\io\netty\netty-common\4.1.44.Final\netty-common-4.1.44.Final.jar;C:\Users\Agilitest\.m2\repository\io\netty\netty-buffer\4.1.44.Final\netty-buffer-4.1.44.Final.jar;C:\Users\Agilitest\.m2\repository\io\netty\netty-transport\4.1.44.Final\netty-transport-4.1.44.Final.jar;C:\Users\Agilitest\.m2\repository\io\netty\netty-resolver\4.1.44.Final\netty-resolver-4.1.44.Final.jar;C:\Users\Agilitest\.m2\repository\xyz\rogfam\littleproxy\2.0.0-beta-5\littleproxy-2.0.0-beta-5.jar;C:\Users\Agilitest\.m2\repository\com\barchart\udt\barchart-udt-bundle\2.3.0\barchart-udt-bundle-2.3.0.jar;C:\Users\Agilitest\.m2\repository\com\browserup\browserup-proxy-mitm\2.1.0\browserup-proxy-mitm-2.1.0.jar;C:\Users\Agilitest\.m2\repository\javax\xml\bind\jaxb-api\2.3.1\jaxb-api-2.3.1.jar;C:\Users\Agilitest\.m2\repository\javax\activation\javax.activation-api\1.2.0\javax.activation-api-1.2.0.jar;C:\Users\Agilitest\.m2\repository\com\fasterxml\jackson\core\jackson-core\2.10.3\jackson-core-2.10.3.jar;C:\Users\Agilitest\.m2\repository\com\fasterxml\jackson\core\jackson-annotations\2.10.3\jackson-annotations-2.10.3.jar;C:\Users\Agilitest\.m2\repository\com\jcraft\jzlib\1.1.3\jzlib-1.1.3.jar;C:\Users\Agilitest\.m2\repository\dnsjava\dnsjava\2.1.9\dnsjava-2.1.9.jar;C:\Users\Agilitest\.m2\repository\org\brotli\dec\0.1.2\dec-0.1.2.jar;C:\Users\Agilitest\.m2\repository\org\javassist\javassist\3.26.0-GA\javassist-3.26.0-GA.jar;C:\Users\Agilitest\.m2\repository\org\slf4j\jcl-over-slf4j\1.7.30\jcl-over-slf4j-1.7.30.jar;C:\Users\Agilitest\.m2\repository\com\fasterxml\jackson\core\jackson-databind\2.11.0\jackson-databind-2.11.0.jar;C:\Users\Agilitest\.m2\repository\org\apache\maven\surefire\surefire-testng-utils\2.21.0\surefire-testng-utils-2.21.0.jar;C:\Users\Agilitest\.m2\repository\org\apache\maven\surefire\surefire-grouper\2.21.0\surefire-grouper-2.21.0.jar;"/>
    <property name="java.vm.vendor" value="Oracle Corporation"/>
    <property name="sun.arch.data.model" value="64"/>
    <property name="user.variant" value=""/>
    <property name="java.vendor.url" value="https://java.oracle.com/"/>
    <property name="os.name" value="Windows 10"/>
    <property name="java.vm.specification.version" value="14"/>
    <property name="sun.java.launcher" value="SUN_STANDARD"/>
    <property name="user.country" value="FR"/>
    <property name="sun.boot.library.path" value="C:\jdk\jdk-14.0.1\bin"/>
    <property name="sun.java.command" value="C:\Users\AGILIT~1\AppData\Local\Temp\surefire12904478445147071723\surefirebooter7948313056421835502.jar C:\Users\Agilitest\AppData\Local\Temp\surefire12904478445147071723 2020-08-27T10-33-40_504-jvmRun1 surefire11366573600945681409tmp surefire_02707209837780125502tmp"/>
    <property name="jdk.debug" value="release"/>
    <property name="surefire.test.class.path" value="C:\Users\Agilitest\Documents\GitHub\ic_agilitest\target\test-classes;C:\Users\Agilitest\Documents\GitHub\ic_agilitest\target\classes;C:\Users\Agilitest\.m2\repository\com\actiontestscript\ats-automated-testing\1.7.6\ats-automated-testing-1.7.6.jar;C:\Users\Agilitest\.m2\repository\org\testng\testng\7.1.0\testng-7.1.0.jar;C:\Users\Agilitest\.m2\repository\com\beust\jcommander\1.72\jcommander-1.72.jar;C:\Users\Agilitest\.m2\repository\com\google\inject\guice\4.1.0\guice-4.1.0-no_aop.jar;C:\Users\Agilitest\.m2\repository\javax\inject\javax.inject\1\javax.inject-1.jar;C:\Users\Agilitest\.m2\repository\aopalliance\aopalliance\1.0\aopalliance-1.0.jar;C:\Users\Agilitest\.m2\repository\org\yaml\snakeyaml\1.21\snakeyaml-1.21.jar;C:\Users\Agilitest\.m2\repository\org\seleniumhq\selenium\selenium-api\3.141.59\selenium-api-3.141.59.jar;C:\Users\Agilitest\.m2\repository\org\seleniumhq\selenium\selenium-remote-driver\3.141.59\selenium-remote-driver-3.141.59.jar;C:\Users\Agilitest\.m2\repository\net\bytebuddy\byte-buddy\1.8.15\byte-buddy-1.8.15.jar;C:\Users\Agilitest\.m2\repository\org\apache\commons\commons-exec\1.3\commons-exec-1.3.jar;C:\Users\Agilitest\.m2\repository\com\google\guava\guava\25.0-jre\guava-25.0-jre.jar;C:\Users\Agilitest\.m2\repository\com\google\code\findbugs\jsr305\1.3.9\jsr305-1.3.9.jar;C:\Users\Agilitest\.m2\repository\org\checkerframework\checker-compat-qual\2.0.0\checker-compat-qual-2.0.0.jar;C:\Users\Agilitest\.m2\repository\com\google\errorprone\error_prone_annotations\2.1.3\error_prone_annotations-2.1.3.jar;C:\Users\Agilitest\.m2\repository\com\google\j2objc\j2objc-annotations\1.1\j2objc-annotations-1.1.jar;C:\Users\Agilitest\.m2\repository\org\codehaus\mojo\animal-sniffer-annotations\1.14\animal-sniffer-annotations-1.14.jar;C:\Users\Agilitest\.m2\repository\com\squareup\okhttp3\okhttp\3.11.0\okhttp-3.11.0.jar;C:\Users\Agilitest\.m2\repository\com\squareup\okio\okio\1.14.0\okio-1.14.0.jar;C:\Users\Agilitest\.m2\repository\org\seleniumhq\selenium\selenium-server\3.141.59\selenium-server-3.141.59.jar;C:\Users\Agilitest\.m2\repository\org\seleniumhq\selenium\selenium-java\3.141.59\selenium-java-3.141.59.jar;C:\Users\Agilitest\.m2\repository\org\seleniumhq\selenium\selenium-chrome-driver\3.141.59\selenium-chrome-driver-3.141.59.jar;C:\Users\Agilitest\.m2\repository\org\seleniumhq\selenium\selenium-edge-driver\3.141.59\selenium-edge-driver-3.141.59.jar;C:\Users\Agilitest\.m2\repository\org\seleniumhq\selenium\selenium-firefox-driver\3.141.59\selenium-firefox-driver-3.141.59.jar;C:\Users\Agilitest\.m2\repository\org\seleniumhq\selenium\selenium-ie-driver\3.141.59\selenium-ie-driver-3.141.59.jar;C:\Users\Agilitest\.m2\repository\org\seleniumhq\selenium\selenium-opera-driver\3.141.59\selenium-opera-driver-3.141.59.jar;C:\Users\Agilitest\.m2\repository\org\seleniumhq\selenium\selenium-safari-driver\3.141.59\selenium-safari-driver-3.141.59.jar;C:\Users\Agilitest\.m2\repository\org\seleniumhq\selenium\selenium-support\3.141.59\selenium-support-3.141.59.jar;C:\Users\Agilitest\.m2\repository\net\jcip\jcip-annotations\1.0\jcip-annotations-1.0.jar;C:\Users\Agilitest\.m2\repository\org\seleniumhq\selenium\jetty-repacked\9.4.12.v20180830\jetty-repacked-9.4.12.v20180830.jar;C:\Users\Agilitest\.m2\repository\javax\servlet\javax.servlet-api\3.1.0\javax.servlet-api-3.1.0.jar;C:\Users\Agilitest\.m2\repository\org\apache\ant\ant\1.10.7\ant-1.10.7.jar;C:\Users\Agilitest\.m2\repository\org\apache\ant\ant-launcher\1.10.7\ant-launcher-1.10.7.jar;C:\Users\Agilitest\.m2\repository\com\exadel\flamingo\flex\amf-serializer\2.2.0\amf-serializer-2.2.0.jar;C:\Users\Agilitest\.m2\repository\org\slf4j\slf4j-api\1.7.30\slf4j-api-1.7.30.jar;C:\Users\Agilitest\.m2\repository\org\slf4j\slf4j-simple\1.7.30\slf4j-simple-1.7.30.jar;C:\Users\Agilitest\.m2\repository\org\mariuszgromada\math\MathParser.org-mXparser\4.4.2\MathParser.org-mXparser-4.4.2.jar;C:\Users\Agilitest\.m2\repository\commons-cli\commons-cli\1.4\commons-cli-1.4.jar;C:\Users\Agilitest\.m2\repository\com\google\code\gson\gson\2.8.6\gson-2.8.6.jar;C:\Users\Agilitest\.m2\repository\com\opencsv\opencsv\5.1\opencsv-5.1.jar;C:\Users\Agilitest\.m2\repository\org\apache\commons\commons-lang3\3.9\commons-lang3-3.9.jar;C:\Users\Agilitest\.m2\repository\org\apache\commons\commons-text\1.8\commons-text-1.8.jar;C:\Users\Agilitest\.m2\repository\commons-beanutils\commons-beanutils\1.9.4\commons-beanutils-1.9.4.jar;C:\Users\Agilitest\.m2\repository\commons-logging\commons-logging\1.2\commons-logging-1.2.jar;C:\Users\Agilitest\.m2\repository\commons-collections\commons-collections\3.2.2\commons-collections-3.2.2.jar;C:\Users\Agilitest\.m2\repository\org\apache\commons\commons-collections4\4.4\commons-collections4-4.4.jar;C:\Users\Agilitest\.m2\repository\com\github\labri-progress\naturalness-java\1.1\naturalness-java-1.1.jar;C:\Users\Agilitest\.m2\repository\org\bouncycastle\bcpkix-jdk15on\1.65\bcpkix-jdk15on-1.65.jar;C:\Users\Agilitest\.m2\repository\org\bouncycastle\bcprov-jdk15on\1.65\bcprov-jdk15on-1.65.jar;C:\Users\Agilitest\.m2\repository\io\netty\netty-all\4.1.49.Final\netty-all-4.1.49.Final.jar;C:\Users\Agilitest\.m2\repository\com\browserup\browserup-proxy-core\2.1.0\browserup-proxy-core-2.1.0.jar;C:\Users\Agilitest\.m2\repository\io\netty\netty-codec\4.1.44.Final\netty-codec-4.1.44.Final.jar;C:\Users\Agilitest\.m2\repository\io\netty\netty-common\4.1.44.Final\netty-common-4.1.44.Final.jar;C:\Users\Agilitest\.m2\repository\io\netty\netty-buffer\4.1.44.Final\netty-buffer-4.1.44.Final.jar;C:\Users\Agilitest\.m2\repository\io\netty\netty-transport\4.1.44.Final\netty-transport-4.1.44.Final.jar;C:\Users\Agilitest\.m2\repository\io\netty\netty-resolver\4.1.44.Final\netty-resolver-4.1.44.Final.jar;C:\Users\Agilitest\.m2\repository\xyz\rogfam\littleproxy\2.0.0-beta-5\littleproxy-2.0.0-beta-5.jar;C:\Users\Agilitest\.m2\repository\com\barchart\udt\barchart-udt-bundle\2.3.0\barchart-udt-bundle-2.3.0.jar;C:\Users\Agilitest\.m2\repository\com\browserup\browserup-proxy-mitm\2.1.0\browserup-proxy-mitm-2.1.0.jar;C:\Users\Agilitest\.m2\repository\javax\xml\bind\jaxb-api\2.3.1\jaxb-api-2.3.1.jar;C:\Users\Agilitest\.m2\repository\javax\activation\javax.activation-api\1.2.0\javax.activation-api-1.2.0.jar;C:\Users\Agilitest\.m2\repository\com\fasterxml\jackson\core\jackson-core\2.10.3\jackson-core-2.10.3.jar;C:\Users\Agilitest\.m2\repository\com\fasterxml\jackson\core\jackson-annotations\2.10.3\jackson-annotations-2.10.3.jar;C:\Users\Agilitest\.m2\repository\com\jcraft\jzlib\1.1.3\jzlib-1.1.3.jar;C:\Users\Agilitest\.m2\repository\dnsjava\dnsjava\2.1.9\dnsjava-2.1.9.jar;C:\Users\Agilitest\.m2\repository\org\brotli\dec\0.1.2\dec-0.1.2.jar;C:\Users\Agilitest\.m2\repository\org\javassist\javassist\3.26.0-GA\javassist-3.26.0-GA.jar;C:\Users\Agilitest\.m2\repository\org\slf4j\jcl-over-slf4j\1.7.30\jcl-over-slf4j-1.7.30.jar;C:\Users\Agilitest\.m2\repository\com\fasterxml\jackson\core\jackson-databind\2.11.0\jackson-databind-2.11.0.jar;C:\Users\Agilitest\.m2\repository\org\apache\maven\surefire\surefire-testng-utils\2.21.0\surefire-testng-utils-2.21.0.jar;C:\Users\Agilitest\.m2\repository\org\apache\maven\surefire\surefire-grouper\2.21.0\surefire-grouper-2.21.0.jar;"/>
    <property name="sun.cpu.endian" value="little"/>
    <property name="user.home" value="C:\Users\Agilitest"/>
    <property name="user.language" value="fr"/>
    <property name="java.specification.vendor" value="Oracle Corporation"/>
    <property name="java.version.date" value="2020-03-17"/>
    <property name="java.home" value="C:\jdk\jdk-14.0.1"/>
    <property name="file.separator" value="\"/>
    <property name="basedir" value="C:\Users\Agilitest\Documents\GitHub\ic_agilitest"/>
    <property name="java.vm.compressedOopsMode" value="32-bit"/>
    <property name="line.separator" value="&#10;"/>
    <property name="java.specification.name" value="Java Platform API Specification"/>
    <property name="java.vm.specification.vendor" value="Oracle Corporation"/>
    <property name="surefire.real.class.path" value="C:\Users\AGILIT~1\AppData\Local\Temp\surefire12904478445147071723\surefirebooter7948313056421835502.jar"/>
    <property name="user.script" value=""/>
    <property name="sun.management.compiler" value="HotSpot 64-Bit Tiered Compilers"/>
    <property name="java.runtime.version" value="14+36-1461"/>
    <property name="user.name" value="Agilitest"/>
    <property name="path.separator" value=";"/>
    <property name="os.version" value="10.0"/>
    <property name="java.runtime.name" value="Java(TM) SE Runtime Environment"/>
    <property name="file.encoding" value="Cp1252"/>
    <property name="java.vm.name" value="Java HotSpot(TM) 64-Bit Server VM"/>
    <property name="localRepository" value="C:\Users\Agilitest\.m2\repository"/>
    <property name="java.vendor.url.bug" value="https://bugreport.java.com/bugreport/"/>
    <property name="java.io.tmpdir" value="C:\Users\AGILIT~1\AppData\Local\Temp\"/>
    <property name="java.version" value="14"/>
    <property name="user.dir" value="C:\Users\Agilitest\Documents\GitHub\ic_agilitest"/>
    <property name="os.arch" value="amd64"/>
    <property name="java.vm.specification.name" value="Java Virtual Machine Specification"/>
    <property name="sun.os.patch.level" value=""/>
    <property name="java.library.path" value="C:\jdk\jdk-14.0.1\bin;C:\WINDOWS\Sun\Java\bin;C:\WINDOWS\system32;C:\WINDOWS;C:\Users\Agilitest\.agilitest\tools\apache-maven-3.6.1/bin;C:\jdk\jdk-14.0.1/bin;C:\Program Files (x86)\Intel\iCLS Client\;C:\Program Files\Intel\iCLS Client\;C:\WINDOWS\system32;C:\WINDOWS;C:\WINDOWS\System32\Wbem;C:\WINDOWS\System32\WindowsPowerShell\v1.0\;C:\WINDOWS\System32\OpenSSH\;C:\Program Files (x86)\Intel\Intel(R) Management Engine Components\DAL;C:\Program Files\Intel\Intel(R) Management Engine Components\DAL;C:\Program Files (x86)\Intel\Intel(R) Management Engine Components\IPT;C:\Program Files\Intel\Intel(R) Management Engine Components\IPT;C:\Program Files\dotnet\;C:\apache-ant-1.9.15\bin;C:\Users\Agilitest\.agilitest\tools\apache-maven-3.6.1;C:\Program Files\nodejs;C:\fop-2.4\fop;C:\Users\Agilitest\AppData\Local\Programs\Python\Python38-32;C:\Program Files\Git\cmd;C:\jdk\jdk-12.0.1\bin;C:\Users\Agilitest\AppData\Local\Microsoft\WindowsApps;C:\Users\Agilitest\AppData\Local\GitHubDesktop\bin;C:\Users\Agilitest\AppData\Local\Programs\Microsoft VS Code\bin;C:\Users\Agilitest\AppData\Roaming\npm;C:\Users\Agilitest\AppData\Local\Microsoft\WindowsApps;C:\Program Files\heroku\bin;C:\Program Files (x86)\heroku\bin;C:\Users\Agilitest\.dotnet\tools;."/>
    <property name="java.vm.info" value="mixed mode, sharing"/>
    <property name="java.vendor" value="Oracle Corporation"/>
    <property name="java.vm.version" value="14+36-1461"/>
    <property name="sun.io.unicode.encoding" value="UnicodeLittle"/>
    <property name="java.class.version" value="58.0"/>
  </properties>
  <testcase name="MyFirstScript" classname="MyFirstScript" time="19.327"/>
</testsuite>