<?xml version="1.0" encoding="UTF-8"?>
<!-- Generated by org.testng.reporters.JUnitReportReporter -->
<testsuite hostname="LAPTOP-LT8QHS42" failures="0" tests="1" name="sample.Main" time="21.301" errors="0" timestamp="2020-05-19T15:32:46 CEST" skipped="0">
  <testcase classname="sample.Main" name="testMain" time="21.301"/>
  <system-out>
- Subscript init (sample.Main:0) -> {"called":"sample.Subscript","iteration":"1/1","type":"loop","parameters":[{"p0":"chrome"}]}  </system-out>
</testsuite> <!-- sample.Main -->
