<?xml version="1.0" encoding="UTF-8"?>
<!-- Generated by org.testng.reporters.JUnitReportReporter -->
<testsuite hostname="LAPTOP-LT8QHS42" failures="0" tests="1" name="MyFirstScript" time="16.824" errors="1" timestamp="2020-08-26T15:48:23 CEST" skipped="0">
  <testcase classname="MyFirstScript" name="testMain" time="16.824">
    <error/>
  </testcase> <!-- testMain -->
  <system-out>
- Subscript init (MyFirstScript:4) -> {"called":"ScriptATS","iteration":"1/1","type":"loop"} - Subscript init (ScriptATS:2) -> {"called":"CodeJava","iteration":"1/1","type":"loop","parameters":[{"p0":"L"}]}  </system-out>
</testsuite> <!-- MyFirstScript -->
