<?xml version="1.0" encoding="UTF-8"?>
<!-- Generated by org.testng.reporters.JUnitReportReporter -->
<testsuite hostname="LAPTOP-LT8QHS42" failures="0" tests="1" name="sample.Main" time="4.315" errors="1" timestamp="2020-05-25T17:48:03 CEST" skipped="0">
  <testcase classname="sample.Main" name="testMain" time="4.315">
    <error/>
  </testcase> <!-- testMain -->
  <system-out>
- Subscript init (sample.Main:0) -> {"called":"sample.Subscript","iteration":"1/1","type":"loop","parameters":[{"p0":"chrome"}]}  </system-out>
</testsuite> <!-- sample.Main -->
