<?xml version="1.0" encoding="UTF-8"?>
<!-- Generated by org.testng.reporters.JUnitReportReporter -->
<testsuite hostname="LAPTOP-LT8QHS42" failures="0" tests="1" name="ScriptATS" time="13.202" errors="0" timestamp="2020-08-26T15:48:23 CEST" skipped="0">
  <testcase classname="ScriptATS" name="testMain" time="13.202"/>
  <system-out>
- Subscript init (ScriptATS:2) -> {"called":"CodeJava","iteration":"1/1","type":"loop","parameters":[{"p0":"L"}]}  </system-out>
</testsuite> <!-- ScriptATS -->
