<?xml version="1.0" encoding="UTF-8"?>
<!-- Generated by org.testng.reporters.JUnitReportReporter -->
<testsuite hostname="LAPTOP-LT8QHS42" failures="0" tests="1" name="MyFirstScript" time="19.641" errors="0" timestamp="2020-08-27T10:34:01 CEST" skipped="0">
  <testcase classname="MyFirstScript" name="testMain" time="19.641"/>
  <system-out/>
</testsuite> <!-- MyFirstScript -->
