<?xml version="1.0" encoding="UTF-8"?>
<!-- Generated by org.testng.reporters.JUnitReportReporter -->
<testsuite hostname="LAPTOP-LT8QHS42" failures="0" tests="1" name="MyFirstScript" time="23.360" errors="0" timestamp="2020-09-15T10:49:13 CEST" skipped="0">
  <testcase classname="MyFirstScript" name="testMain" time="23.360"/>
  <system-out/>
</testsuite> <!-- MyFirstScript -->
