<?xml version="1.0" encoding="UTF-8"?>
<!-- Generated by org.testng.reporters.JUnitReportReporter -->
<testsuite hostname="LAPTOP-LT8QHS42" failures="0" tests="1" name="sample.Subscript" time="23.512" errors="1" timestamp="2020-09-15T10:49:13 CEST" skipped="0">
  <testcase classname="sample.Subscript" name="testMain" time="23.512">
    <error/>
  </testcase> <!-- testMain -->
  <system-out/>
</testsuite> <!-- sample.Subscript -->
