<?xml version="1.0" encoding="UTF-8"?>
<!-- Generated by org.testng.reporters.JUnitReportReporter -->
<testsuite hostname="LAPTOP-LT8QHS42" failures="0" tests="1" name="MyFirstScript" time="21.291" errors="0" timestamp="2020-07-23T10:56:14 CEST" skipped="0">
  <testcase classname="MyFirstScript" name="testMain" time="21.291"/>
  <system-out/>
</testsuite> <!-- MyFirstScript -->
